36.87422213347428
29.85713081617223
26.275705489853813
34.51384980134334
25.264599214930353
31.709744171278246
31.193208685903254
28.775510526410418
31.173075283072556
25.012627151678032
36.99562057182127
29.045163438073164
34.90842665736594
26.176872995533067
32.77687332973952
28.97960576168318
32.157539634501425
25.008127677350473
28.986970881689
34.10849437427657
35.644365586670496
30.733270781251818
33.46457185913822
36.1166332572187
29.74696583923167
33.857166623623954
33.45794749057962
29.785950615007263
29.468358902702064
29.361401923836826
32.68728883587373
32.13704288149148
29.974065791645216
31.60187991884503
26.623889858693595
27.150467567989555
31.66685089942231
29.527217685474668
29.082717304146612
30.422906372964714
29.981379117316635
27.72797393431517
31.981300390667123
24.052988650808665
36.94643074260289
26.9216731930611
26.773757025206507
31.757376668942833
30.378612107693787
31.76030750645372
25.08955107227187
40.14254440648219
26.74655932661617
39.34440896057546
29.2991019649355
33.183943163073636
34.217592569346344
25.54012618715163
35.107354200725844
36.55221289508574
34.4274351492361
31.361430529967812
27.736952023677183
33.30789248175297
24.24468961017437
31.2454602727249
30.08903194136632
31.63948204585448
28.2135311118291
24.235188752644163
28.631827167090353
26.94040735316232
30.30223325540161
27.485690261948772
32.23277510680822
32.607041443697995
33.21018856848026
31.18723935160108
26.909610785944654
35.13823672854481
29.542942538428647
32.699400601427236
27.580952152501617
37.366082214736124
29.25216423244371
30.171534476713305
42.03610089512539
33.43769779809493
32.96909923904083
28.607657665227837
34.72866377304256
29.064066672049247
35.920975196543246
31.002980178167277
35.325086905653535
36.80163518363661
35.389300157626735
35.87138032388886
39.286515757589086
34.93990833199403
33.623313162181404
28.13034330562955
28.583948479566104
31.79729538599513
27.006601637470922
26.670323842379563
35.175729155937454
38.42522529925394
31.366523447502438
30.42539043896253
25.860090262344116
29.122920737593354
25.890188646286024
25.264882862397297
31.34611736522384
23.234683979468244
26.089846113311225
21.828549489813874
23.620972073887465
20.750835467347294
21.62396261795934
21.78753633226385
19.441335803074622
20.09674586964353
19.0061202265125
19.26271941988944
18.790824856180627
18.956837581852046
17.890631176329318
18.638912334280594
18.05752762166148
17.884934855313425
18.194346300843325
17.657416717331817
17.219306804854348
18.074684930140783
17.013426060703566
17.45287467694753
17.25591376437936
17.57663478176012
17.8543035851713
17.406042655002388
15.957991280966722
16.118397801848335
15.861055116292635
15.857141480004097
15.761957014824784
15.721754010840428
15.514713495592968
14.877828946759928
14.918420214247764
15.243633808398515
15.109491681021755
15.096143356757494
14.873131315068813
15.081306185774778
15.118878284711755
15.13787962858853
15.041618111239634
15.287308578432546
15.278667571182517
15.19090778251895
15.006281625943176
15.112498407486662
14.921505499141613
14.881288713061762
14.810962605610037
14.88263530610592
14.927872928370032
14.766824995131634
14.612886408276555
14.948103131227368
15.101672512938254
15.497732274455458
15.461485527767993
15.82953445312391
15.57294907258422
15.509082114690958
15.074978684068848
15.738595943695808
15.976408389140893
16.238424981500955
16.341049643543148
16.63424069310601
16.548443073192672
16.5957910647182
16.28144083145079
16.57410189447884
16.512588493094526
16.820802781682904
16.395836473089062
16.686155900169968
16.66900830105941
16.728938784916
16.49178701533453
16.60943498062804
16.684135833817788
16.785090695031595
16.511689136821115
16.752765882955547
16.661889629955088
16.77485015222136
16.43908509886984
16.67378718324717
16.509299578389115
16.607391060543055
16.447288960665624
16.740276757784876
16.472833315963495
16.67858615572392
16.39042990371641
16.905298129365516
16.738823431582375
16.692476989621202
16.682885370091984
17.00003306403824
16.903755972721683
16.820431090717054
16.734234887265437
16.90262909622661
16.828182135549486
16.884800577953737
16.762605327866893
16.9131143161573
16.9529242751164
16.966767766631754
16.57717260266179
16.946546308260398
16.8951048713387
16.860699029782097
16.704208463775103
16.914210935700805
16.82746153337832
16.815362918816607
16.814827572518393
16.884483893429632
16.968791125896228
16.803376967421645
16.397576603888805
16.848295657130254
16.852338885196378
16.888948580206577
16.598098165347505
17.00745438258331
16.83705815099511
17.054259839975984
16.786048836984705
17.024614881645046
17.1107649308959
16.487925533960013
16.6098263739134
16.856055419191136
16.70282319896029
16.588298482900093
16.64162660517875
16.747699075642952
16.490541352806982
16.53921936983062
16.218350732684158
16.304330165970544
16.268032889476977
16.214544982671406
16.13176064893002
15.836152444698444
15.85606143874692
15.722064114251307
15.447264610584558
15.7443510118335
15.58437592027444
15.407739774281277
15.487171547656345
15.927976070371987
15.827472019493738
15.753135356874148
15.571225109538728
15.953993057751008
15.741872173927739
15.139774590523256
14.639407716221486
14.694738340145845
14.53975881218393
14.605528850333842
14.544531836239159
14.719119439620664
14.746112345451266
14.709127768595511
14.616971776105125
14.848305524545742
14.677102895087128
14.72109352124205
15.232634233046841
15.5985019634001
15.669968159515772
15.768569139457826
15.298574752011307
15.38819890773058
15.105121499883328
15.176160635429506
15.470468389870087
15.464819592100552
15.592060310510512
15.64929864440796
15.80693885410848
15.796662217716179
15.886204461151742
16.125633268579374
14.972470338634576
14.904315050667552
14.837064606998716
14.658428807419392
14.896013934634283
15.193326647851409
15.196916646084892
14.707669010899814
14.50799770804413
14.69068008234033
14.543869932465455
14.45032814067291
14.431297606924648
14.302064689230264
14.556903474068204
15.867019258637756
16.058650526279962
15.873914365735791
15.771739710287449
15.610017176493326
15.751490385661857
15.828676899168652
15.759778641859727
15.676954859645459
15.872304420928494
15.65182549218925
15.787841632926048
15.546817444082695
15.876429494041144
15.805398848131713
15.885039025456651
15.852374280402191
15.929585435086558
15.929776024636242
15.9470899317166
15.954973342428708
15.978984453694238
15.960449517045458
15.852304461265312
15.801850887796974
15.834853780808194
15.8647523841525
15.780218772229615
15.660257701728025
15.791987162342977
15.746904643192341
15.771009362148106
16.25338432277829
14.757970640388699
14.797863404583225
14.987545950807243
14.682440219242828
15.208322305267817
15.294344573965882
15.282481211617686
15.188026966289904
15.277324157131748
15.169351128032195
15.13117503212489
15.003146233137969
15.016567487457227
14.93830996245309
14.943461558748679
14.866379933845533
14.900211342448202
14.85034130010141
14.830055495091873
14.753865709073764
14.86774083293822
14.755734079901565
14.766720583756797
14.710676077415329
14.777587526707386
14.751559298137984
14.741205532545836
14.721753971360076
15.203252382601484
15.122379077470336
14.602834447383914
14.053550484873988
13.990559611658043
13.603151102867717
13.505419659923547
13.094537740762968
12.477648343375582
12.221521201338263
12.25220157331673
12.20131985717738
12.189365334100213
11.949211512443817
11.788921355932358
11.595984395222928
11.657758433133548
11.483606038942494
11.399506330501357
11.53178810422197
11.469433207061531
11.264186700091852
11.128739520034465
11.180495916764999
11.451915405099655
13.462833157559128
14.481055577120882
14.597956257315579
14.79038909540903
14.93936513547187
14.800207955429594
15.005902887827318
15.26232117517602
15.217243359634162
15.186078179842806
15.110763046149012
15.405017477890016
15.969021332936201
15.437669068684063
16.03913994151133
15.971897674248527
16.62706742205918
16.2365331568041
16.81391060861027
17.42774890719604
17.07279712868666
17.089923239689647
17.283559779430977
18.02608974438714
18.31952150545668
18.515075709786615
17.851428494229165
18.970360690527762
19.037392430023385
19.10486922486101
20.034222537684304
20.653180262304616
20.29742329743545
18.177003542034058
17.874748793411328
18.45269717331654
17.169882200115204
16.514947068440463
16.28501532598753
15.512338264849754
15.73711631062797
15.13181891416868
15.153357510255239
14.901020838265959
14.967418187507022
14.67300930250807
14.61029962854834
15.174635002491462
14.929009571122355
14.79575332131474
14.80696927477753
14.758315412006054
14.753709340255925
14.536451355888026
14.601129245865131
14.60109606125648
14.56670853369406
14.264153074014585
14.44712372736959
14.278886619891608
14.330779305789022
14.075061758413272
14.224073966695869
14.110811064559549
14.152043370946984
13.91354838064618
14.02944760588955
13.934047404601493
13.930945552172014
13.73185497649753
13.780898024935835
13.831635169665137
13.751728194668127
13.557847690177923
13.722101464822337
13.644274813322948
13.632715184163072
13.261183954533468
13.166333005994735
13.052946276368257
13.114114765502741
12.857557950407386
13.089784708945302
13.11014303968789
12.968302476740401
12.868399675845133
12.968386129567833
12.958232045443424
12.92113175682017
12.831198470927959
13.019273261608896
13.042672893826744
12.969245101636396
