36.87422213347428
29.858236669760842
26.793328543072796
34.69514454499257
25.47741056156738
31.770945541472035
31.19479730176409
28.87343961786621
31.566506491931378
25.498967607276274
36.295863850022606
29.314819267224838
35.02122865979824
26.37077588311142
32.85796490528504
29.033622368621202
32.22235624671646
25.6191207889697
29.74439905513108
34.10849437427657
35.63545496186975
30.953191943170026
33.68389735091959
36.333230079429825
30.100326460601448
33.99607127901974
33.57380175598577
29.755384863840384
29.37895817175569
29.35633348248669
32.986235799615294
32.74554135418099
30.380765076504723
31.81361151094936
26.817696026897544
27.20597258523503
31.905813482974587
30.03902393894608
29.15923116957103
30.7606429694966
30.232645820947003
27.904868287294722
31.995384472642638
24.109023874459858
36.78975467536559
27.055486753569724
26.93265259729543
31.873789193625907
30.408652374376608
32.017476314970615
24.972949446392057
39.560055518914055
26.751927712757468
39.93771537591952
29.323264961219564
33.27167462333917
34.643783166788495
25.602969841704937
35.269645648098034
36.60565084280629
34.73469442793995
31.72578695482141
28.622559845930745
33.40367388363263
24.85211935048962
32.28761737064532
30.425698526730073
31.91821582813665
30.39799055245831
25.37774295167766
29.418468101569523
26.910914760941886
31.40311414924179
29.0209722187734
34.11307326534771
31.775578354894737
33.97732430196916
32.15865540388957
27.92065787731729
34.940847186407666
30.195635328478595
32.756637130107336
28.49969843526031
37.063302153668296
29.441315025082318
30.728626317508553
41.48617662802992
33.47455050064857
32.949320283444585
29.748058778523617
34.77036820257291
29.66795235895429
36.290655780285014
31.231170779172018
35.34967026307638
36.80163518363661
35.58423626389913
36.315483989247156
39.286515757589086
35.048102302220954
33.67226725565627
28.195483238000453
28.884416004293666
31.89135001707454
27.45180333567564
27.300545924510928
35.20095921714856
38.83711555770779
32.49797710484089
30.616696971547217
26.615601592021434
29.74475700576656
26.597305021910927
25.63373731351334
31.847123654515933
24.17741416925586
27.09018654221091
21.686701032719608
24.854755732846677
21.158183658423493
22.794087491603946
21.687036330242535
20.094523978928276
20.316329869258134
19.843825025949606
19.010255304415193
19.53040075996617
19.62985276078423
18.424437437879345
17.30839046094167
18.92840874137417
18.064473243843885
18.908885863963764
16.58159895312006
17.794798863205585
18.383667473203154
17.298218041316286
16.090969173734944
17.578742670888698
18.041305668409557
18.826066240216434
17.492882197780496
17.237422055574598
17.12642035226375
16.790196838604494
15.863627959915146
16.68645856737697
16.10470773255424
15.664062050232847
15.169843109482915
15.840661567835985
15.607068838485132
15.46456368428737
15.170315824347654
15.701022213868045
15.388096449003651
15.74665081551759
15.250864523707065
15.694361701686631
15.418757506835002
15.472441254134917
15.132377243409941
15.707584129201692
15.232383940909378
15.223502366723046
14.910623616163596
15.609679793606094
15.161802671686782
15.200973956917634
14.876549672959484
15.270535419914214
15.327134078828784
15.372514046036763
15.14781842928029
16.22945531284783
16.224705081533894
16.219551561635548
15.614742048616993
15.717167495268985
16.595561471501203
17.024528985456364
16.343047269466012
17.393836729788177
17.533446885203677
17.417882321213366
16.202569326102687
17.120792350842855
17.034762636365805
16.61394202862468
15.745265521888562
17.073454931524605
16.680525690274354
16.459038123958646
15.643949281965009
16.908829883458644
16.499462106321804
16.63132130636685
15.660106343006708
16.708512432623692
16.215681434361983
16.66812737947717
15.562072575445324
16.590610580844483
16.23441249443544
16.002887705851208
15.51447224239158
16.33209114730773
15.663933104554012
16.416304457101468
15.321721206107725
16.248786802159668
16.07128373914827
15.928689526617184
15.317366708764425
16.268955331056148
15.907445095579511
15.814857719509632
15.490931697267916
16.182109837155526
15.76774853692739
16.096229854661846
15.411192024089688
16.240062098956546
15.86005518202122
16.415105504014747
15.287595486656357
16.05656695385019
15.874493331644517
16.014668443627343
15.186605241529739
16.215776043463404
15.739993129179403
15.828296872886263
15.231876952127799
15.996772576636886
15.52476620715445
15.921826970253472
15.182048121410855
15.798838282739535
15.749432649605817
15.821543849972585
15.280162210624583
16.003824086071752
15.853334217680752
16.021097341548913
15.379980583836769
16.092013308748566
15.931537772029674
15.618444858040128
15.284744575056822
16.131384223219502
15.900682782398913
16.279862412778378
15.197415705184927
16.056984379355015
15.874700121304631
15.964166823085687
15.167919832822893
16.08449548551398
15.956565568045296
16.230626458234124
15.16443106996933
16.184655664282136
15.996877725506575
16.486382462667358
15.300850343728257
16.299261578332935
16.1433494922848
16.429975198662593
15.562643668832399
16.200310842294638
16.494347886421025
16.574982456586643
15.354281694360969
16.539077454349655
16.819535500132115
16.435377046796837
14.965680057653401
15.797930042391249
15.214078410258553
15.067087033390296
15.14178557952145
15.345722607404104
14.937573823811759
14.629414238340598
15.01880698964716
15.278491657564366
15.16330188867196
14.994153366784854
14.961101035382809
16.27602630620072
15.921312824483916
16.22144581657886
15.407534890980282
16.296231055869228
16.6207602907702
15.228091409978559
16.21100088458878
16.43901061658336
15.491203240606525
16.17467049758526
15.691576779303508
15.77300240299416
15.021690410464036
16.012400342767318
15.52348545811914
15.611157741241897
15.213461138391475
15.942130069839857
15.685407024068109
15.866501771204737
15.032009729203558
15.890880156136618
15.745783045557747
15.78515092200173
14.253830535118652
15.461288328538092
15.315131794660623
15.523874565844594
14.144160210090353
15.449500531864864
15.289514459703097
15.519682105655
14.927646831152998
15.359076567569733
15.162505859037768
15.559275038815759
14.569588886428221
15.285304553486936
15.120582359867626
15.679594768709574
14.712518776744318
15.402643291766502
15.119952498195705
15.610876174396564
14.788450893909522
15.368518957827533
15.241588024985852
15.913608457037945
14.982609888124427
15.501273915514805
15.250926963974123
15.890692846887607
14.760807679989528
15.757887211990054
15.293795957395346
15.985494539452231
15.084088921603273
15.829838676554932
15.421881380416988
16.311341009731954
14.918509192286411
15.931754569785536
15.924640124703595
15.735397796877844
15.11917808509925
15.904017659627371
15.411185900990901
15.979398660678735
14.952513257141877
15.839478921862554
15.465229483509068
16.185299587376385
14.78276731015046
15.807407654826989
15.543984189906631
15.850427125186673
14.738894967278755
15.726876023201086
15.441217457101084
16.06400871415315
14.700619599653459
15.69691125314719
15.355263475504595
16.162023907977407
14.633605462420878
15.602841760226816
15.250196248675978
15.489701617409386
14.830328632343033
15.52535637939074
15.414010913196122
16.334770897072733
15.360210738691812
15.904775613278668
14.95425479193244
14.939967937436672
13.806644961716788
14.279909002245223
14.139804028265681
12.877179802509236
13.055949408486375
12.593932923576759
13.153681754831073
12.775356833764047
12.943006770988038
12.360065185314774
12.58719619274128
12.448166103157272
12.470520826899742
12.269606322053994
12.088894613937327
12.315356413245933
11.809603834887966
11.960297291562066
11.717259296917252
12.358003772556113
13.762397631586982
16.04956988350332
15.922783208334646
15.436086328404176
15.305520033174233
16.051837811838194
15.720066499912859
16.05611657142395
15.046474655743092
16.058369433937255
15.76625449485455
16.542707896773777
15.525747252668143
16.752503783193635
17.314043813616134
17.67116923568331
16.52746640746974
18.065555483937203
18.142253757810273
19.25277985267384
17.051233161397874
19.103056941269216
18.778077634963203
19.863460785932794
18.14711797439506
20.250842077784462
19.352789375431108
20.624795516241726
19.042648676754872
21.082000635280625
20.887694281932546
21.649464684605178
20.679996701718704
20.184116626889292
19.046050838654295
20.12288817250189
17.693837130456412
18.36256679013389
17.818530145478203
17.096132931637793
15.584220996925403
16.56772910043259
16.101962229020486
15.948623251218795
14.624135745750175
15.731568985263081
15.273944438396718
16.21264719902298
14.672606493144302
15.97328516985723
16.049016142168888
15.54957028332651
14.69637247798898
15.94398947093936
15.337146960602901
15.95206645983523
14.426325353605074
15.347010076542949
15.306299852839455
15.40742166368829
14.198385075433615
15.489961065169851
14.863589414755072
15.3393741664548
13.984873726496204
14.884509710915044
14.678447880098979
14.934035118852218
13.781387721532104
14.282707636164215
14.379977368440748
14.478612055807945
13.608141954430044
14.356359849330229
14.421640197460322
13.97812443261846
13.386322299220383
14.305202230288526
13.644420257901944
13.684835416112634
12.882507696395361
13.52170105210706
13.329780720280716
13.268378468430345
12.759966054355836
13.503568232737022
13.337602606617342
13.276357484212076
12.687549561190396
13.390372857937248
13.648201158853704
13.091581224649996
13.590711299155927
