36.87422213347428
29.858236669760842
26.793328543072796
34.77958661433556
25.45350776815052
31.770945541472035
31.19479730176409
28.873483192113927
31.566622914178435
25.519908451108964
37.10559265026208
29.322912489379277
35.02122865979824
26.40061493865121
32.85796490528504
29.033622368621202
32.22235624671646
25.60873719682774
29.82496676075548
34.10849437427657
35.63545496186975
30.953191943170026
33.68389735091959
36.63247266102974
30.131713748581337
33.99607127901974
33.57380175598577
29.74057042018446
29.431308107179422
29.35633348248669
32.986235799615294
32.74554135418099
30.512188924135476
31.871462293760196
26.88753488550448
27.203984524420015
31.90887482344348
30.03902393894608
29.15581823696426
30.816472813031766
30.232645820947003
27.927172795992238
31.995384472642638
24.108531702969547
37.475504067129975
27.06302544267329
26.932813817219557
31.936630141801597
30.408652374376608
32.017476314970615
24.988764673436343
40.14254440648219
26.751927712757468
39.948172280254084
29.323264961219564
33.27167462333917
34.643783166788495
25.560736840238945
35.269645648098034
36.60565084280629
34.7387399019013
31.827529255832566
28.82467614512727
33.40367388363263
24.85285266547164
32.81644245584972
30.502945728319037
31.947113493063483
30.880613866975473
25.42876005063411
29.6234751661467
27.679992165797167
31.40311414924179
29.162881777467557
34.11307326534771
34.32809589957767
33.97732430196916
32.61597112649469
27.925286096646627
35.21691080874247
30.195635328478595
32.92816596554837
28.525832814206666
37.58731180942254
29.494101101475117
30.728626317508553
42.03610089512539
33.47455050064857
32.949320283444585
29.826238821493767
34.77036820257291
29.66795235895429
36.858117145436864
31.231170779172018
35.34967026307638
36.80163518363661
35.58423626389913
36.315483989247156
39.286515757589086
35.048102302220954
33.67226725565627
28.19086514872246
28.88974323597157
31.89135001707454
27.492703380925782
27.344666223951858
35.20095921714856
38.83711555770779
33.055944381255394
30.661133476790926
26.711591682326798
29.86114886647442
26.686125887701554
25.653745854119627
31.85399243801083
24.277492387556393
27.16419007384364
21.985268422749456
24.946639119277066
21.210284106357363
22.651697943644585
22.453742152737853
19.26680951095917
20.380007444032916
18.659500629406686
19.217679227193415
18.289187474953813
18.56217222862942
17.7434282212469
17.601765853147043
17.53463111249499
17.666427395749782
17.787896474782023
17.040452686996325
16.724423700418615
17.487173024300805
16.70809303037555
16.459287805268428
16.41938288064935
16.945287143273724
17.066118742665726
17.254434674333027
16.13100851341752
16.289308019371028
16.10608231390737
16.00283954522665
16.05623694708261
15.670583557240024
15.540575769928527
14.659748464571559
14.700748036564569
15.092208629199742
14.965907752639417
14.92262032385969
14.666589769948208
14.909789363474992
14.947389145728614
14.733208710581316
14.65604071377885
14.789813301220363
14.73094792768677
14.671734962392922
14.464111957704075
14.637838758612062
14.654535622348636
14.539378535817885
14.582221536235263
14.524375097009957
14.695495607797671
14.411806636067787
14.287029316399007
14.596932643621393
14.559774579399612
14.968739843405361
15.197531290964966
15.365077359484111
15.207981211908104
15.484851295315991
15.076909923725882
15.580043089473001
15.717080055347544
15.887924234840478
15.738755301631125
16.002015638907693
15.712413690537645
15.805278094495193
15.670839303193699
15.767289338963387
15.816716599515125
15.724083057709343
15.672244147179239
15.82795573078048
16.18003128750355
15.817114955576494
15.546745530582388
15.759532581564308
16.09163083019236
15.641009024421077
15.532904874871654
15.884841883917407
15.654768526743833
15.568421356683182
15.408982267119807
15.613239663428276
15.588441514682449
15.483134969697065
15.382737327845362
15.537486192609965
15.47372628411023
15.350142877279039
15.311149782331427
15.41787498811752
15.420343599276556
15.364909851210879
15.28177938755875
16.098180865432152
15.506297930044845
15.411528079074655
15.339739364747613
15.413985696312725
15.498885550492954
15.323636746841016
15.271439456799795
15.413940187237777
15.445503142095916
15.284336689146048
15.288279872263061
15.624454145424398
15.360243555721931
15.365756494912663
15.170122001190016
15.300879007309582
15.374688775621156
15.222247132500302
15.254135469194063
15.458254623962981
15.405363698346479
15.178545045146057
14.877556101894926
15.192707114801742
15.337179766959302
15.195182620131739
15.151259696302626
15.316686512649369
15.457903902676309
15.278758090502485
15.196685071667439
15.449352897427772
15.369550854895056
15.284744575056822
15.06555320478685
15.294648286500061
15.272543569291898
15.152527333658323
15.077881463335439
15.17513465392913
15.192575029030763
15.145368103496175
15.133647077341116
15.29761869356387
15.282723876341455
15.120314880418784
15.090956746639545
15.086299560954481
15.302220960226764
15.134337680973776
15.04120042782931
15.379567280316543
15.417199620937216
15.340896986750924
15.318565433373827
15.194718426341254
15.497338112747281
15.462068435473588
15.42146309304117
15.662937742700173
15.491361596317692
15.149805878006426
14.508881484561623
14.606525747086284
14.301505430172611
14.337084314129116
14.098916427102262
14.279495822296795
14.103839751190304
14.096618425102644
13.952071887034798
14.153126996055686
14.31594581399936
14.580711233760264
14.969829285215166
15.43592483805803
15.397342164102108
15.461831601937446
15.400371009181931
15.468783605082663
15.261228596135034
15.223997195313428
15.300180994551258
15.30012143768606
15.368269173327791
15.372407687047607
15.438615691942823
15.51466013259813
15.228612764802683
14.945609431208291
15.11066693602151
15.093351557388264
15.097427238236046
15.171416584839339
15.131515873114246
14.978220698227144
15.065803579094883
15.04474315852638
15.191772392761587
15.202711755754695
15.131233262617133
15.280158492381833
15.162634780928215
15.22109847053727
14.852193223844154
14.627092758431342
14.803278148938084
14.583377775915807
14.579690171914983
14.493177636687069
14.630963247797595
14.478457171615975
14.526039573813772
14.416863208766904
14.6588328072791
14.573161013261341
14.479905476338587
14.701544303608882
14.654598688702743
14.378315898621185
14.523146600437775
14.507989322307575
14.735660897108772
14.823532092117766
14.443103887562492
14.681011957507057
15.009043275441925
14.532399317684819
14.740891584683766
14.87127519074626
14.80313947118756
14.894881708559545
14.783155302916331
14.854611314836658
15.122117675960494
14.963396016412576
15.179890701534092
15.33595582325229
14.735571406710104
14.642297697310154
14.691310879902566
14.484805923601378
14.705972413855191
14.830153429225593
14.73509230236029
14.75924752522184
14.758378551909013
14.796073279886741
14.772005841930698
14.704100566056162
14.836304117276104
14.700734456141692
14.619965070042024
14.733103811137301
14.704156029862773
14.576205506815668
14.575827800264102
14.593717759580954
14.583943278126332
14.611256495516614
14.425971216316789
14.448445206363012
14.46432614059944
14.604771974500297
14.40017847106773
14.364170786519379
14.70326459748959
14.74489294968236
14.515072366752172
14.203851388338538
14.127712417591539
13.868540342148936
13.687117922341066
13.335161073855542
12.654700502137988
12.405341631047232
12.446801461079078
12.328522154270336
12.283488491541432
12.064534526330338
12.01730027842542
11.843669894369025
11.899022706937657
11.645795317852754
11.551072314186593
11.753786462277336
11.675337273373907
11.450417616378925
11.36128714148768
11.505959406452618
11.529934409112652
12.951039208799138
14.640730364551146
14.936070646398678
14.966703313873808
14.818656938519508
14.635854587726849
15.235511442889333
15.0464346447839
15.22401473925772
14.774256577213
15.290325849863983
15.241222323008648
15.74983541596781
15.186755379880726
15.991912114200078
16.18185354349858
16.443077698983025
16.25259093139028
16.86218713899195
17.517994878777042
17.47512650169616
17.52566481473726
17.61462788062387
18.717183288663488
18.837695923467752
19.195407582768727
18.797010098924133
19.787677969289174
20.258986237838535
20.575332516146364
21.070557460069868
21.6632502567166
21.926537562650577
19.60963341513198
18.5562180016184
19.403685446546078
17.43382172376672
16.51724872268698
16.633340672988442
15.836014436928368
15.853987335188586
15.168973663749421
15.868718093470449
15.549518177551967
15.360591664250482
14.776956680151391
15.01260997768463
15.362553564008486
15.212259639693817
14.814646352305868
15.33809528487949
15.295962616880011
15.271445671179249
14.889966073012328
15.180874607585457
15.198820078951417
15.009522802862369
14.87199757612932
15.17419841724153
14.950055496630446
14.860302816149444
14.740323882537425
14.848836709599178
14.805345873923653
14.764723435261073
14.422361936537362
14.644013262693047
14.456029888118668
14.558668838514743
14.29987438963421
14.490331370704105
14.418189351682265
14.260594709246613
14.2217813862869
14.261084943783306
14.105994954493815
14.226516904803914
13.688537139876631
13.645243387476217
13.574823004054565
13.84096003518942
13.690165804216875
13.583671251026246
13.634899378263171
13.480515594329338
13.400719972721634
13.507981207818304
13.633023975163383
13.672506167768308
13.366041001729315
13.72205552740393
13.622205479066984
13.590711299155927
